-------------------------------------------------------------------------------
Test set: junit.Mocking_Dependencies_In_Spring_Tests_Using_Mockito.Exercise_1_Mocking_A_Service_Dependency_In_A_Controller_Test.UserControllerTest
-------------------------------------------------------------------------------
Tests run: 1, Failures: 0, Errors: 0, Skipped: 0, Time elapsed: 0.923 s -- in junit.Mocking_Dependencies_In_Spring_Tests_Using_Mockito.Exercise_1_Mocking_A_Service_Dependency_In_A_Controller_Test.UserControllerTest
