<?xml version="1.0" encoding="UTF-8"?>
<testsuite xmlns:xsi="http://www.w3.org/2001/XMLSchema-instance" xsi:noNamespaceSchemaLocation="https://maven.apache.org/surefire/maven-surefire-plugin/xsd/surefire-test-report-3.0.xsd" version="3.0" name="junit.JUnit_Spring_Test_Exercises.Exercise_7_Test_Custom_Repository_Query.UserRepositoryTest" time="3.297" tests="1" errors="0" skipped="0" failures="0">
  <properties>
[...]
</properties>
  <testcase name="testFindByName" classname="junit.JUnit_Spring_Test_Exercises.Exercise_7_Test_Custom_Repository_Query.UserRepositoryTest" time="0.237">
    <system-out><![CDATA[13:45:13.400 [main] INFO org.springframework.test.context.support.AnnotationConfigContextLoaderUtils -- Could not detect default configuration classes for test class [junit.JUnit_Spring_Test_Exercises.Exercise_7_Test_Custom_Repository_Query.UserRepositoryTest]: UserRepositoryTest does not declare any static, non-private, non-final, nested classes annotated with @Configuration.
13:45:13.517 [main] INFO org.springframework.boot.test.context.SpringBootTestContextBootstrapper -- Found @SpringBootConfiguration junit.JUnit_Spring_Test_Exercises.Exercise_7_Test_Custom_Repository_Query.TestApplication for test class junit.JUnit_Spring_Test_Exercises.Exercise_7_Test_Custom_Repository_Query.UserRepositoryTest

  .   ____          _            __ _ _
 /\\ / ___'_ __ _ _(_)_ __  __ _ \ \ \ \
( ( )\___ | '_ | '_| | '_ \/ _` | \ \ \ \
 \\/  ___)| |_)| | | | | || (_| |  ) ) ) )
  '  |____| .__|_| |_|_| |_\__, | / / / /
 =========|_|==============|___/=/_/_/_/
 :: Spring Boot ::                (v3.2.5)

2026-06-24T13:45:13.817+05:30  INFO 4956 --- [           main] j.J.E.UserRepositoryTest                 : Starting UserRepositoryTest using Java 25.0.3 with PID 4956 (started by Deepikaa in E:\Digital-Nurture-JavaFSE\Java FSE\Deepskilling\Week-01)
2026-06-24T13:45:13.819+05:30  INFO 4956 --- [           main] j.J.E.UserRepositoryTest                 : No active profile set, falling back to 1 default profile: "default"
2026-06-24T13:45:14.206+05:30  INFO 4956 --- [           main] .s.d.r.c.RepositoryConfigurationDelegate : Bootstrapping Spring Data JPA repositories in DEFAULT mode.
2026-06-24T13:45:14.249+05:30  INFO 4956 --- [           main] .s.d.r.c.RepositoryConfigurationDelegate : Finished Spring Data repository scanning in 32 ms. Found 1 JPA repository interface.
2026-06-24T13:45:14.304+05:30  INFO 4956 --- [           main] beddedDataSourceBeanFactoryPostProcessor : Replacing 'dataSource' DataSource bean with embedded version
2026-06-24T13:45:14.490+05:30  INFO 4956 --- [           main] o.s.j.d.e.EmbeddedDatabaseFactory        : Starting embedded database: url='jdbc:h2:mem:190c4306-b8a2-4426-b85e-6bdb3ae5dad0;DB_CLOSE_DELAY=-1;DB_CLOSE_ON_EXIT=false', username='sa'
2026-06-24T13:45:14.789+05:30  INFO 4956 --- [           main] o.hibernate.jpa.internal.util.LogHelper  : HHH000204: Processing PersistenceUnitInfo [name: default]
2026-06-24T13:45:14.905+05:30  INFO 4956 --- [           main] org.hibernate.Version                    : HHH000412: Hibernate ORM core version 6.4.4.Final
2026-06-24T13:45:14.949+05:30  INFO 4956 --- [           main] o.h.c.internal.RegionFactoryInitiator    : HHH000026: Second-level cache disabled
2026-06-24T13:45:15.115+05:30  INFO 4956 --- [           main] o.s.o.j.p.SpringPersistenceUnitInfo      : No LoadTimeWeaver setup: ignoring JPA class transformer
2026-06-24T13:45:15.918+05:30  INFO 4956 --- [           main] o.h.e.t.j.p.i.JtaPlatformInitiator       : HHH000489: No JTA platform available (set 'hibernate.transaction.jta.platform' to enable JTA platform integration)
Hibernate: drop table if exists users cascade 
Hibernate: create table users (id bigint generated by default as identity, name varchar(255), primary key (id))
2026-06-24T13:45:15.974+05:30  INFO 4956 --- [           main] j.LocalContainerEntityManagerFactoryBean : Initialized JPA EntityManagerFactory for persistence unit 'default'
2026-06-24T13:45:16.399+05:30  INFO 4956 --- [           main] j.J.E.UserRepositoryTest                 : Started UserRepositoryTest in 2.841 seconds (process running for 4.28)
Hibernate: insert into users (name,id) values (?,default)
Hibernate: select u1_0.id,u1_0.name from users u1_0 where u1_0.name=?
]]></system-out>
  </testcase>
</testsuite>